<?xml version="1.0" encoding="UTF-8" ?>
<testsuite tests="4" failures="0" name="models.ComputerPlayerTest" time="0.05" errors="0" skipped="0">
  <properties>
[...]
</properties>
  <testcase classname="models.ComputerPlayerTest" name="testThrowExceptionUsingInvalidName" time="0.032"/>
  <testcase classname="models.ComputerPlayerTest" name="testBuildBotPlayerWithValidName" time="0"/>
  <testcase classname="models.ComputerPlayerTest" name="testShouldReturnValidInputObject" time="0.018"/>
  <testcase classname="models.ComputerPlayerTest" name="testThrowExceptionUsingNullName" time="0"/>
</testsuite>